<?xml version="1.0" encoding="UTF-8"?>
<testng-results ignored="0" total="1" passed="1" failed="0" skipped="0">
  <reporter-output>
  </reporter-output>
  <suite started-at="2022-09-20T16:34:21 IST" name="Default suite" finished-at="2022-09-20T16:34:32 IST" duration-ms="10999">
    <groups>
    </groups>
    <test started-at="2022-09-20T16:34:21 IST" name="Default test" finished-at="2022-09-20T16:34:32 IST" duration-ms="10999">
      <class name="TestScrips.AddToCartTest">
        <test-method signature="AddToCartTest1()[pri:0, instance:TestScrips.AddToCartTest@550ee7e5]" started-at="2022-09-20T16:34:22 IST" name="AddToCartTest1" finished-at="2022-09-20T16:34:32 IST" duration-ms="10953" status="PASS">
          <reporter-output>
          </reporter-output>
        </test-method> <!-- AddToCartTest1 -->
      </class> <!-- TestScrips.AddToCartTest -->
    </test> <!-- Default test -->
  </suite> <!-- Default suite -->
</testng-results>
